#
# A fatal error has been detected by the Java Runtime Environment:
#
#  EXCEPTION_ACCESS_VIOLATION (0xc0000005) at pc=0x00007ffc9879a5b0, pid=3396, tid=22136
#
# JRE version: OpenJDK Runtime Environment (17.0.1+12) (build 17.0.1+12-39)
# Java VM: OpenJDK 64-Bit Server VM (17.0.1+12-39, mixed mode, sharing, tiered, compressed oops, compressed class ptrs, g1 gc, windows-amd64)
# Problematic frame:
# C  [nvoglv64.dll+0xf0a5b0]
#
# No core dump will be written. Minidumps are not enabled by default on client versions of Windows
#
# If you would like to submit a bug report, please visit:
#   https://bugreport.java.com/bugreport/crash.jsp
# The crash happened outside the Java Virtual Machine in native code.
# See problematic frame for where to report the bug.
#

---------------  S U M M A R Y ------------

Command Line: -Dlog4j.configurationFile=src/main/resources/log4j.xml -Dfile.encoding=windows-1252 -Duser.country=AU -Duser.language=en -Duser.variant io.github.coffeecatrailway.agameorsomething.AGameOrSomething

Host: AMD Ryzen 5 3600 6-Core Processor              , 12 cores, 31G,  Windows 10 , 64 bit Build 19041 (10.0.19041.1806)
Time: Sun Jul 17 10:27:53 2022 AUS Eastern Standard Time elapsed time: 1.058339 seconds (0d 0h 0m 1s)

---------------  T H R E A D  ---------------

Current thread (0x0000028178ec4d50):  JavaThread "main" [_thread_in_native, id=22136, stack(0x000000aed0b00000,0x000000aed0c00000)]

Stack: [0x000000aed0b00000,0x000000aed0c00000],  sp=0x000000aed0bfefe0,  free space=1019k
Native frames: (J=compiled Java code, j=interpreted, Vv=VM code, C=native code)
C  [nvoglv64.dll+0xf0a5b0]

Java frames: (J=compiled Java code, j=interpreted, Vv=VM code)
j  org.lwjgl.opengl.GL15C.nglBufferData(IJJI)V+0
j  org.lwjgl.opengl.GL15C.glBufferData(ILjava/nio/FloatBuffer;I)V+15
j  org.lwjgl.opengl.GL15.glBufferData(ILjava/nio/FloatBuffer;I)V+3
j  io.github.coffeecatrailway.agameorsomething.render.VBOModel.<init>([F[F[I)V+48
j  io.github.coffeecatrailway.agameorsomething.AGameOrSomething.loop()V+177
j  io.github.coffeecatrailway.agameorsomething.AGameOrSomething.start()V+21
j  io.github.coffeecatrailway.agameorsomething.AGameOrSomething.main([Ljava/lang/String;)V+7
v  ~StubRoutines::call_stub

siginfo: EXCEPTION_ACCESS_VIOLATION (0xc0000005), reading address 0x0000000000000010


Register to memory mapping:

RIP=0x00007ffc9879a5b0 nvoglv64.dll
RAX=0xffffffffffffffd0 is an unknown value
RBX=0x0000000000000010 is an unknown value
RCX=0x0000000000000003 is an unknown value
RDX=0x0000000000000010 is an unknown value
RSP=0x000000aed0bfefe0 is pointing into the stack for thread: 0x0000028178ec4d50
RBP=0x0 is NULL
RSI=0x0000028127d28b80 points into unknown readable memory: 0x0000000000000000 | 00 00 00 00 00 00 00 00
RDI=0x0000000000000030 is an unknown value
R8 =0x0000000000000030 is an unknown value
R9 =0x00007ffc987b5100 nvoglv64.dll
R10=0x0000028127a82020 points into unknown readable memory: 0x00007ffd2ee17fe0 | e0 7f e1 2e fd 7f 00 00
R11=0x000000061fce9ce0 is an oop: java.lang.Class 
{0x000000061fce9ce0} - klass: 'java/lang/Class'
 - ---- fields (total size 28 words):
 - private volatile transient 'classRedefinedCount' 'I' @12  0
 - private volatile transient 'cachedConstructor' 'Ljava/lang/reflect/Constructor;' @40  NULL (0)
 - private transient 'name' 'Ljava/lang/String;' @44  "org.lwjgl.opengl.GL15C"{0x000000061fce9dd0} (c3f9d3ba)
 - private transient 'module' 'Ljava/lang/Module;' @48  a 'java/lang/Module'{0x000000061f411830} (c3e82306)
 - private final 'classLoader' 'Ljava/lang/ClassLoader;' @52  a 'jdk/internal/loader/ClassLoaders$AppClassLoader'{0x000000061f400018} (c3e80003)
 - private transient 'classData' 'Ljava/lang/Object;' @56  NULL (0)
 - private transient 'packageName' 'Ljava/lang/String;' @60  "org.lwjgl.opengl"{0x0000000620260678} (c404c0cf)
 - private final 'componentType' 'Ljava/lang/Class;' @64  NULL (0)
 - private volatile transient 'reflectionData' 'Ljava/lang/ref/SoftReference;' @68  NULL (0)
 - private volatile transient 'genericInfo' 'Lsun/reflect/generics/repository/ClassRepository;' @72  NULL (0)
 - private volatile transient 'enumConstants' '[Ljava/lang/Object;' @76  NULL (0)
 - private volatile transient 'enumConstantDirectory' 'Ljava/util/Map;' @80  NULL (0)
 - private volatile transient 'annotationData' 'Ljava/lang/Class$AnnotationData;' @84  NULL (0)
 - private volatile transient 'annotationType' 'Lsun/reflect/annotation/AnnotationType;' @88  NULL (0)
 - transient 'classValueMap' 'Ljava/lang/ClassValue$ClassValueMap;' @92  NULL (0)
 - signature: Lorg/lwjgl/opengl/GL15C;
 - fake entry for mirror: 'org/lwjgl/opengl/GL15C'
 - fake entry for array: NULL
 - fake entry for oop_size: 28
 - fake entry for static_oop_field_count: 0
 - public static final 'GL_SRC1_ALPHA' 'I' @112  34185 (8589)
 - public static final 'GL_ARRAY_BUFFER' 'I' @116  34962 (8892)
 - public static final 'GL_ELEMENT_ARRAY_BUFFER' 'I' @120  34963 (8893)
 - public static final 'GL_ARRAY_BUFFER_BINDING' 'I' @124  34964 (8894)
 - public static final 'GL_ELEMENT_ARRAY_BUFFER_BINDING' 'I' @128  34965 (8895)
 - public static final 'GL_VERTEX_ATTRIB_ARRAY_BUFFER_BINDING' 'I' @132  34975 (889f)
 - public static final 'GL_STREAM_DRAW' 'I' @136  35040 (88e0)
 - public static final 'GL_STREAM_READ' 'I' @140  35041 (88e1)
 - public static final 'GL_STREAM_COPY' 'I' @144  35042 (88e2)
 - public static final 'GL_STATIC_DRAW' 'I' @148  35044 (88e4)
 - public static final 'GL_STATIC_READ' 'I' @152  35045 (88e5)
 - public static final 'GL_STATIC_COPY' 'I' @156  35046 (88e6)
 - public static final 'GL_DYNAMIC_DRAW' 'I' @160  35048 (88e8)
 - public static final 'GL_DYNAMIC_READ' 'I' @164  35049 (88e9)
 - public static final 'GL_DYNAMIC_COPY' 'I' @168  35050 (88ea)
 - public static final 'GL_READ_ONLY' 'I' @172  35000 (88b8)
 - public static final 'GL_WRITE_ONLY' 'I' @176  35001 (88b9)
 - public static final 'GL_READ_WRITE' 'I' @180  35002 (88ba)
 - public static final 'GL_BUFFER_SIZE' 'I' @184  34660 (8764)
 - public static final 'GL_BUFFER_USAGE' 'I' @188  34661 (8765)
 - public static final 'GL_BUFFER_ACCESS' 'I' @192  35003 (88bb)
 - public static final 'GL_BUFFER_MAPPED' 'I' @196  35004 (88bc)
 - public static final 'GL_BUFFER_MAP_POINTER' 'I' @200  35005 (88bd)
 - public static final 'GL_SAMPLES_PASSED' 'I' @204  35092 (8914)
 - public static final 'GL_QUERY_COUNTER_BITS' 'I' @208  34916 (8864)
 - public static final 'GL_CURRENT_QUERY' 'I' @212  34917 (8865)
 - public static final 'GL_QUERY_RESULT' 'I' @216  34918 (8866)
 - public static final 'GL_QUERY_RESULT_AVAILABLE' 'I' @220  34919 (8867)
R12=0x00000000000088e4 is an unknown value
R13=0x0000000000008892 is an unknown value
R14=0x000000aed0bff178 is pointing into the stack for thread: 0x0000028178ec4d50
R15=0x0000028178ec4d50 is a thread


Registers:
RAX=0xffffffffffffffd0, RBX=0x0000000000000010, RCX=0x0000000000000003, RDX=0x0000000000000010
RSP=0x000000aed0bfefe0, RBP=0x0000000000000000, RSI=0x0000028127d28b80, RDI=0x0000000000000030
R8 =0x0000000000000030, R9 =0x00007ffc987b5100, R10=0x0000028127a82020, R11=0x000000061fce9ce0
R12=0x00000000000088e4, R13=0x0000000000008892, R14=0x000000aed0bff178, R15=0x0000028178ec4d50
RIP=0x00007ffc9879a5b0, EFLAGS=0x0000000000010247

Top of Stack: (sp=0x000000aed0bfefe0)
0x000000aed0bfefe0:   0000028178ec4d50 000000aed0bff178
0x000000aed0bfeff0:   000000aed0bff178 0000000000000000
0x000000aed0bff000:   0000000000000010 00007ffc9819d1ff
0x000000aed0bff010:   0000028129e67080 0000028129e67080
0x000000aed0bff020:   0000000000000010 00000000000088e4
0x000000aed0bff030:   0000028178ec4d50 00007ffc9aee051e
0x000000aed0bff040:   0000028100000001 0000000000000000
0x000000aed0bff050:   0000000000000000 0000028127d28b80
0x000000aed0bff060:   0000028128eca8a8 0000000000000000
0x000000aed0bff070:   0000000000000120 000000aed0bff130
0x000000aed0bff080:   0000028128eca8a8 000002810772d621
0x000000aed0bff090:   0000000000000010 000000aed0bff178
0x000000aed0bff0a0:   0000028178ec4d50 0000028128c4ac30
0x000000aed0bff0b0:   0000000000000010 00000281000088e4
0x000000aed0bff0c0:   0000028128eca8a8 0000000000000010
0x000000aed0bff0d0:   000000aed0bff0e8 000000aed0bff150 

Instructions: (pc=0x00007ffc9879a5b0)
0x00007ffc9879a4b0:   48 2b f8 49 3b f8 49 0f 47 f8 4c 8b c7 e8 8e 09
0x00007ffc9879a4c0:   36 00 48 03 df 48 03 f7 48 2b ef 48 8b c3 48 8b
0x00007ffc9879a4d0:   7c 24 30 a8 0f 74 7f 48 83 fd 40 72 3f 48 8b cd
0x00007ffc9879a4e0:   48 c1 e9 06 48 6b c1 c0 48 03 e8 0f 1f 44 00 00
0x00007ffc9879a4f0:   0f 10 03 0f 10 4b 10 0f 10 53 20 0f 10 5b 30 48
0x00007ffc9879a500:   83 c3 40 0f 2b 06 0f 2b 4e 10 0f 2b 56 20 0f 2b
0x00007ffc9879a510:   5e 30 48 83 c6 40 48 83 e9 01 75 d4 48 83 fd 10
0x00007ffc9879a520:   0f 82 a1 00 00 00 48 8b cd 48 c1 e9 04 48 6b c1
0x00007ffc9879a530:   f0 48 03 e8 0f 1f 40 00 0f 1f 84 00 00 00 00 00
0x00007ffc9879a540:   0f 10 03 48 83 c3 10 0f 2b 06 48 83 c6 10 48 83
0x00007ffc9879a550:   e9 01 75 ec eb 71 48 83 fd 40 72 40 48 8b cd 48
0x00007ffc9879a560:   c1 e9 06 48 6b c1 c0 48 03 e8 66 0f 1f 44 00 00
0x00007ffc9879a570:   0f 10 03 0f 10 4b 10 0f 10 53 20 0f 10 5b 30 48
0x00007ffc9879a580:   83 c3 40 0f 2b 06 0f 2b 4e 10 0f 2b 56 20 0f 2b
0x00007ffc9879a590:   5e 30 48 83 c6 40 48 83 e9 01 75 d4 48 83 fd 10
0x00007ffc9879a5a0:   72 22 48 8b cd 48 c1 e9 04 48 6b c1 f0 48 03 e8
0x00007ffc9879a5b0:   0f 10 03 48 83 c3 10 0f 2b 06 48 83 c6 10 48 83
0x00007ffc9879a5c0:   e9 01 75 ec 0f ae f8 48 85 ed 74 0e 4c 8b c5 48
0x00007ffc9879a5d0:   8b d3 48 8b ce e8 76 08 36 00 48 8b 5c 24 38 48
0x00007ffc9879a5e0:   8b 6c 24 40 48 83 c4 20 5e c3 cc cc cc cc cc cc
0x00007ffc9879a5f0:   4c 8b ca 48 8b c1 41 83 e1 0f 83 e0 0f 4d 85 c0
0x00007ffc9879a600:   0f 84 e7 00 00 00 4d 85 c9 74 73 48 85 c0 48 8d
0x00007ffc9879a610:   41 20 48 8d 4a 20 74 38 0f 1f 84 00 00 00 00 00
0x00007ffc9879a620:   48 8d 40 40 0f 10 41 e0 0f 10 49 f0 0f 10 11 0f
0x00007ffc9879a630:   10 59 10 48 8d 49 40 0f 11 40 a0 0f 11 48 b0 0f
0x00007ffc9879a640:   11 50 c0 0f 11 58 d0 49 83 e8 01 75 d3 c3 66 90
0x00007ffc9879a650:   48 8d 40 40 0f 10 41 e0 0f 10 49 f0 0f 10 11 0f
0x00007ffc9879a660:   10 59 10 48 8d 49 40 0f 11 40 a0 0f 11 48 b0 0f
0x00007ffc9879a670:   11 50 c0 0f 11 58 d0 49 83 e8 01 75 d3 c3 48 85
0x00007ffc9879a680:   c0 48 8d 41 20 48 8d 4a 20 74 35 0f 1f 44 00 00
0x00007ffc9879a690:   0f 10 41 e0 48 8d 40 40 0f 10 49 f0 0f 10 11 0f
0x00007ffc9879a6a0:   10 59 10 48 8d 49 40 0f 11 40 a0 0f 11 48 b0 0f 


Stack slot to memory mapping:
stack at sp + 0 slots: 0x0000028178ec4d50 is a thread
stack at sp + 1 slots: 0x000000aed0bff178 is pointing into the stack for thread: 0x0000028178ec4d50
stack at sp + 2 slots: 0x000000aed0bff178 is pointing into the stack for thread: 0x0000028178ec4d50
stack at sp + 3 slots: 0x0 is NULL
stack at sp + 4 slots: 0x0000000000000010 is an unknown value
stack at sp + 5 slots: 0x00007ffc9819d1ff nvoglv64.dll
stack at sp + 6 slots: 0x0000028129e67080 points into unknown readable memory: 0x0000000000000000 | 00 00 00 00 00 00 00 00
stack at sp + 7 slots: 0x0000028129e67080 points into unknown readable memory: 0x0000000000000000 | 00 00 00 00 00 00 00 00


---------------  P R O C E S S  ---------------

Threads class SMR info:
_java_thread_list=0x00000281288b41d0, length=13, elements={
0x0000028178ec4d50, 0x000002817f1aed10, 0x000002817f1afb80, 0x000002817f1c92d0,
0x000002817f1cc190, 0x000002817f1ccd50, 0x000002817f1cdb10, 0x000002817f1d2d00,
0x000002817f1df710, 0x000002817f1f7170, 0x000002817f30ebc0, 0x000002817f311240,
0x000002817f30ff00
}

Java Threads: ( => current thread )
=>0x0000028178ec4d50 JavaThread "main" [_thread_in_native, id=22136, stack(0x000000aed0b00000,0x000000aed0c00000)]
  0x000002817f1aed10 JavaThread "Reference Handler" daemon [_thread_blocked, id=2808, stack(0x000000aed1200000,0x000000aed1300000)]
  0x000002817f1afb80 JavaThread "Finalizer" daemon [_thread_blocked, id=3584, stack(0x000000aed1300000,0x000000aed1400000)]
  0x000002817f1c92d0 JavaThread "Signal Dispatcher" daemon [_thread_blocked, id=16524, stack(0x000000aed1400000,0x000000aed1500000)]
  0x000002817f1cc190 JavaThread "Attach Listener" daemon [_thread_blocked, id=15256, stack(0x000000aed1500000,0x000000aed1600000)]
  0x000002817f1ccd50 JavaThread "Service Thread" daemon [_thread_blocked, id=4280, stack(0x000000aed1600000,0x000000aed1700000)]
  0x000002817f1cdb10 JavaThread "Monitor Deflation Thread" daemon [_thread_blocked, id=21848, stack(0x000000aed1700000,0x000000aed1800000)]
  0x000002817f1d2d00 JavaThread "C2 CompilerThread0" daemon [_thread_blocked, id=19284, stack(0x000000aed1800000,0x000000aed1900000)]
  0x000002817f1df710 JavaThread "C1 CompilerThread0" daemon [_thread_blocked, id=12156, stack(0x000000aed1900000,0x000000aed1a00000)]
  0x000002817f1f7170 JavaThread "Sweeper thread" daemon [_thread_blocked, id=19916, stack(0x000000aed1a00000,0x000000aed1b00000)]
  0x000002817f30ebc0 JavaThread "Notification Thread" daemon [_thread_blocked, id=21236, stack(0x000000aed1b00000,0x000000aed1c00000)]
  0x000002817f311240 JavaThread "Common-Cleaner" daemon [_thread_blocked, id=412, stack(0x000000aed1d00000,0x000000aed1e00000)]
  0x000002817f30ff00 JavaThread "Java2D Disposer" daemon [_thread_blocked, id=22316, stack(0x000000aed2700000,0x000000aed2800000)]

Other Threads:
  0x000002817966e6f0 VMThread "VM Thread" [stack: 0x000000aed1100000,0x000000aed1200000] [id=18624]
  0x000002817f314ee0 WatcherThread [stack: 0x000000aed1c00000,0x000000aed1d00000] [id=5016]
  0x0000028178efb820 GCTaskThread "GC Thread#0" [stack: 0x000000aed0c00000,0x000000aed0d00000] [id=5476]
  0x00000281275476d0 GCTaskThread "GC Thread#1" [stack: 0x000000aed1e00000,0x000000aed1f00000] [id=21896]
  0x0000028127547980 GCTaskThread "GC Thread#2" [stack: 0x000000aed1f00000,0x000000aed2000000] [id=7648]
  0x0000028127547c30 GCTaskThread "GC Thread#3" [stack: 0x000000aed2000000,0x000000aed2100000] [id=21568]
  0x0000028127528dc0 GCTaskThread "GC Thread#4" [stack: 0x000000aed2100000,0x000000aed2200000] [id=20516]
  0x0000028127529070 GCTaskThread "GC Thread#5" [stack: 0x000000aed2200000,0x000000aed2300000] [id=21764]
  0x0000028127529320 GCTaskThread "GC Thread#6" [stack: 0x000000aed2300000,0x000000aed2400000] [id=18596]
  0x000002812738e6c0 GCTaskThread "GC Thread#7" [stack: 0x000000aed2400000,0x000000aed2500000] [id=3600]
  0x000002812738e970 GCTaskThread "GC Thread#8" [stack: 0x000000aed2500000,0x000000aed2600000] [id=18472]
  0x000002812738ec20 GCTaskThread "GC Thread#9" [stack: 0x000000aed2600000,0x000000aed2700000] [id=7480]
  0x0000028178f0c010 ConcurrentGCThread "G1 Main Marker" [stack: 0x000000aed0d00000,0x000000aed0e00000] [id=21740]
  0x0000028178f0d590 ConcurrentGCThread "G1 Conc#0" [stack: 0x000000aed0e00000,0x000000aed0f00000] [id=14272]
  0x00000281795acd90 ConcurrentGCThread "G1 Refine#0" [stack: 0x000000aed0f00000,0x000000aed1000000] [id=5432]
  0x00000281795ad7b0 ConcurrentGCThread "G1 Service" [stack: 0x000000aed1000000,0x000000aed1100000] [id=14632]

Threads with active compile tasks:

VM state: not at safepoint (normal execution)

VM Mutex/Monitor currently owned by a thread: None

Heap address: 0x0000000601000000, size: 8176 MB, Compressed Oops mode: Zero based, Oop shift amount: 3

CDS archive(s) mapped at: [0x0000000800000000-0x0000000800bc0000-0x0000000800bc0000), size 12320768, SharedBaseAddress: 0x0000000800000000, ArchiveRelocationMode: 0.
Compressed class space mapped at: 0x0000000800c00000-0x0000000840c00000, reserved size: 1073741824
Narrow klass base: 0x0000000800000000, Narrow klass shift: 0, Narrow klass range: 0x100000000

GC Precious Log:
 CPUs: 12 total, 12 available
 Memory: 32694M
 Large Page Support: Disabled
 NUMA Support: Disabled
 Compressed Oops: Enabled (Zero based)
 Heap Region Size: 4M
 Heap Min Capacity: 8M
 Heap Initial Capacity: 512M
 Heap Max Capacity: 8176M
 Pre-touch: Disabled
 Parallel Workers: 10
 Concurrent Workers: 3
 Concurrent Refinement Workers: 10
 Periodic GC: Disabled

Heap:
 garbage-first heap   total 524288K, used 18283K [0x0000000601000000, 0x0000000800000000)
  region size 4096K, 6 young (24576K), 1 survivors (4096K)
 Metaspace       used 14094K, committed 14400K, reserved 1064960K
  class space    used 1415K, committed 1536K, reserved 1048576K

Heap Regions: E=young(eden), S=young(survivor), O=old, HS=humongous(starts), HC=humongous(continues), CS=collection set, F=free, OA=open archive, CA=closed archive, TAMS=top-at-mark-start (previous, next)
|   0|0x0000000601000000, 0x0000000601000000, 0x0000000601400000|  0%| F|  |TAMS 0x0000000601000000, 0x0000000601000000| Untracked 
|   1|0x0000000601400000, 0x0000000601400000, 0x0000000601800000|  0%| F|  |TAMS 0x0000000601400000, 0x0000000601400000| Untracked 
|   2|0x0000000601800000, 0x0000000601800000, 0x0000000601c00000|  0%| F|  |TAMS 0x0000000601800000, 0x0000000601800000| Untracked 
|   3|0x0000000601c00000, 0x0000000601c00000, 0x0000000602000000|  0%| F|  |TAMS 0x0000000601c00000, 0x0000000601c00000| Untracked 
|   4|0x0000000602000000, 0x0000000602000000, 0x0000000602400000|  0%| F|  |TAMS 0x0000000602000000, 0x0000000602000000| Untracked 
|   5|0x0000000602400000, 0x0000000602400000, 0x0000000602800000|  0%| F|  |TAMS 0x0000000602400000, 0x0000000602400000| Untracked 
|   6|0x0000000602800000, 0x0000000602800000, 0x0000000602c00000|  0%| F|  |TAMS 0x0000000602800000, 0x0000000602800000| Untracked 
|   7|0x0000000602c00000, 0x0000000602c00000, 0x0000000603000000|  0%| F|  |TAMS 0x0000000602c00000, 0x0000000602c00000| Untracked 
|   8|0x0000000603000000, 0x0000000603000000, 0x0000000603400000|  0%| F|  |TAMS 0x0000000603000000, 0x0000000603000000| Untracked 
|   9|0x0000000603400000, 0x0000000603400000, 0x0000000603800000|  0%| F|  |TAMS 0x0000000603400000, 0x0000000603400000| Untracked 
|  10|0x0000000603800000, 0x0000000603800000, 0x0000000603c00000|  0%| F|  |TAMS 0x0000000603800000, 0x0000000603800000| Untracked 
|  11|0x0000000603c00000, 0x0000000603c00000, 0x0000000604000000|  0%| F|  |TAMS 0x0000000603c00000, 0x0000000603c00000| Untracked 
|  12|0x0000000604000000, 0x0000000604000000, 0x0000000604400000|  0%| F|  |TAMS 0x0000000604000000, 0x0000000604000000| Untracked 
|  13|0x0000000604400000, 0x0000000604400000, 0x0000000604800000|  0%| F|  |TAMS 0x0000000604400000, 0x0000000604400000| Untracked 
|  14|0x0000000604800000, 0x0000000604800000, 0x0000000604c00000|  0%| F|  |TAMS 0x0000000604800000, 0x0000000604800000| Untracked 
|  15|0x0000000604c00000, 0x0000000604c00000, 0x0000000605000000|  0%| F|  |TAMS 0x0000000604c00000, 0x0000000604c00000| Untracked 
|  16|0x0000000605000000, 0x0000000605000000, 0x0000000605400000|  0%| F|  |TAMS 0x0000000605000000, 0x0000000605000000| Untracked 
|  17|0x0000000605400000, 0x0000000605400000, 0x0000000605800000|  0%| F|  |TAMS 0x0000000605400000, 0x0000000605400000| Untracked 
|  18|0x0000000605800000, 0x0000000605800000, 0x0000000605c00000|  0%| F|  |TAMS 0x0000000605800000, 0x0000000605800000| Untracked 
|  19|0x0000000605c00000, 0x0000000605c00000, 0x0000000606000000|  0%| F|  |TAMS 0x0000000605c00000, 0x0000000605c00000| Untracked 
|  20|0x0000000606000000, 0x0000000606000000, 0x0000000606400000|  0%| F|  |TAMS 0x0000000606000000, 0x0000000606000000| Untracked 
|  21|0x0000000606400000, 0x0000000606400000, 0x0000000606800000|  0%| F|  |TAMS 0x0000000606400000, 0x0000000606400000| Untracked 
|  22|0x0000000606800000, 0x0000000606800000, 0x0000000606c00000|  0%| F|  |TAMS 0x0000000606800000, 0x0000000606800000| Untracked 
|  23|0x0000000606c00000, 0x0000000606c00000, 0x0000000607000000|  0%| F|  |TAMS 0x0000000606c00000, 0x0000000606c00000| Untracked 
|  24|0x0000000607000000, 0x0000000607000000, 0x0000000607400000|  0%| F|  |TAMS 0x0000000607000000, 0x0000000607000000| Untracked 
|  25|0x0000000607400000, 0x0000000607400000, 0x0000000607800000|  0%| F|  |TAMS 0x0000000607400000, 0x0000000607400000| Untracked 
|  26|0x0000000607800000, 0x0000000607800000, 0x0000000607c00000|  0%| F|  |TAMS 0x0000000607800000, 0x0000000607800000| Untracked 
|  27|0x0000000607c00000, 0x0000000607c00000, 0x0000000608000000|  0%| F|  |TAMS 0x0000000607c00000, 0x0000000607c00000| Untracked 
|  28|0x0000000608000000, 0x0000000608000000, 0x0000000608400000|  0%| F|  |TAMS 0x0000000608000000, 0x0000000608000000| Untracked 
|  29|0x0000000608400000, 0x0000000608400000, 0x0000000608800000|  0%| F|  |TAMS 0x0000000608400000, 0x0000000608400000| Untracked 
|  30|0x0000000608800000, 0x0000000608800000, 0x0000000608c00000|  0%| F|  |TAMS 0x0000000608800000, 0x0000000608800000| Untracked 
|  31|0x0000000608c00000, 0x0000000608c00000, 0x0000000609000000|  0%| F|  |TAMS 0x0000000608c00000, 0x0000000608c00000| Untracked 
|  32|0x0000000609000000, 0x0000000609000000, 0x0000000609400000|  0%| F|  |TAMS 0x0000000609000000, 0x0000000609000000| Untracked 
|  33|0x0000000609400000, 0x0000000609400000, 0x0000000609800000|  0%| F|  |TAMS 0x0000000609400000, 0x0000000609400000| Untracked 
|  34|0x0000000609800000, 0x0000000609800000, 0x0000000609c00000|  0%| F|  |TAMS 0x0000000609800000, 0x0000000609800000| Untracked 
|  35|0x0000000609c00000, 0x0000000609c00000, 0x000000060a000000|  0%| F|  |TAMS 0x0000000609c00000, 0x0000000609c00000| Untracked 
|  36|0x000000060a000000, 0x000000060a000000, 0x000000060a400000|  0%| F|  |TAMS 0x000000060a000000, 0x000000060a000000| Untracked 
|  37|0x000000060a400000, 0x000000060a400000, 0x000000060a800000|  0%| F|  |TAMS 0x000000060a400000, 0x000000060a400000| Untracked 
|  38|0x000000060a800000, 0x000000060a800000, 0x000000060ac00000|  0%| F|  |TAMS 0x000000060a800000, 0x000000060a800000| Untracked 
|  39|0x000000060ac00000, 0x000000060ac00000, 0x000000060b000000|  0%| F|  |TAMS 0x000000060ac00000, 0x000000060ac00000| Untracked 
|  40|0x000000060b000000, 0x000000060b000000, 0x000000060b400000|  0%| F|  |TAMS 0x000000060b000000, 0x000000060b000000| Untracked 
|  41|0x000000060b400000, 0x000000060b400000, 0x000000060b800000|  0%| F|  |TAMS 0x000000060b400000, 0x000000060b400000| Untracked 
|  42|0x000000060b800000, 0x000000060b800000, 0x000000060bc00000|  0%| F|  |TAMS 0x000000060b800000, 0x000000060b800000| Untracked 
|  43|0x000000060bc00000, 0x000000060bc00000, 0x000000060c000000|  0%| F|  |TAMS 0x000000060bc00000, 0x000000060bc00000| Untracked 
|  44|0x000000060c000000, 0x000000060c000000, 0x000000060c400000|  0%| F|  |TAMS 0x000000060c000000, 0x000000060c000000| Untracked 
|  45|0x000000060c400000, 0x000000060c400000, 0x000000060c800000|  0%| F|  |TAMS 0x000000060c400000, 0x000000060c400000| Untracked 
|  46|0x000000060c800000, 0x000000060c800000, 0x000000060cc00000|  0%| F|  |TAMS 0x000000060c800000, 0x000000060c800000| Untracked 
|  47|0x000000060cc00000, 0x000000060cc00000, 0x000000060d000000|  0%| F|  |TAMS 0x000000060cc00000, 0x000000060cc00000| Untracked 
|  48|0x000000060d000000, 0x000000060d000000, 0x000000060d400000|  0%| F|  |TAMS 0x000000060d000000, 0x000000060d000000| Untracked 
|  49|0x000000060d400000, 0x000000060d400000, 0x000000060d800000|  0%| F|  |TAMS 0x000000060d400000, 0x000000060d400000| Untracked 
|  50|0x000000060d800000, 0x000000060d800000, 0x000000060dc00000|  0%| F|  |TAMS 0x000000060d800000, 0x000000060d800000| Untracked 
|  51|0x000000060dc00000, 0x000000060dc00000, 0x000000060e000000|  0%| F|  |TAMS 0x000000060dc00000, 0x000000060dc00000| Untracked 
|  52|0x000000060e000000, 0x000000060e000000, 0x000000060e400000|  0%| F|  |TAMS 0x000000060e000000, 0x000000060e000000| Untracked 
|  53|0x000000060e400000, 0x000000060e400000, 0x000000060e800000|  0%| F|  |TAMS 0x000000060e400000, 0x000000060e400000| Untracked 
|  54|0x000000060e800000, 0x000000060e800000, 0x000000060ec00000|  0%| F|  |TAMS 0x000000060e800000, 0x000000060e800000| Untracked 
|  55|0x000000060ec00000, 0x000000060ec00000, 0x000000060f000000|  0%| F|  |TAMS 0x000000060ec00000, 0x000000060ec00000| Untracked 
|  56|0x000000060f000000, 0x000000060f000000, 0x000000060f400000|  0%| F|  |TAMS 0x000000060f000000, 0x000000060f000000| Untracked 
|  57|0x000000060f400000, 0x000000060f400000, 0x000000060f800000|  0%| F|  |TAMS 0x000000060f400000, 0x000000060f400000| Untracked 
|  58|0x000000060f800000, 0x000000060f800000, 0x000000060fc00000|  0%| F|  |TAMS 0x000000060f800000, 0x000000060f800000| Untracked 
|  59|0x000000060fc00000, 0x000000060fc00000, 0x0000000610000000|  0%| F|  |TAMS 0x000000060fc00000, 0x000000060fc00000| Untracked 
|  60|0x0000000610000000, 0x0000000610000000, 0x0000000610400000|  0%| F|  |TAMS 0x0000000610000000, 0x0000000610000000| Untracked 
|  61|0x0000000610400000, 0x0000000610400000, 0x0000000610800000|  0%| F|  |TAMS 0x0000000610400000, 0x0000000610400000| Untracked 
|  62|0x0000000610800000, 0x0000000610800000, 0x0000000610c00000|  0%| F|  |TAMS 0x0000000610800000, 0x0000000610800000| Untracked 
|  63|0x0000000610c00000, 0x0000000610c00000, 0x0000000611000000|  0%| F|  |TAMS 0x0000000610c00000, 0x0000000610c00000| Untracked 
|  64|0x0000000611000000, 0x0000000611000000, 0x0000000611400000|  0%| F|  |TAMS 0x0000000611000000, 0x0000000611000000| Untracked 
|  65|0x0000000611400000, 0x0000000611400000, 0x0000000611800000|  0%| F|  |TAMS 0x0000000611400000, 0x0000000611400000| Untracked 
|  66|0x0000000611800000, 0x0000000611800000, 0x0000000611c00000|  0%| F|  |TAMS 0x0000000611800000, 0x0000000611800000| Untracked 
|  67|0x0000000611c00000, 0x0000000611c00000, 0x0000000612000000|  0%| F|  |TAMS 0x0000000611c00000, 0x0000000611c00000| Untracked 
|  68|0x0000000612000000, 0x0000000612000000, 0x0000000612400000|  0%| F|  |TAMS 0x0000000612000000, 0x0000000612000000| Untracked 
|  69|0x0000000612400000, 0x0000000612400000, 0x0000000612800000|  0%| F|  |TAMS 0x0000000612400000, 0x0000000612400000| Untracked 
|  70|0x0000000612800000, 0x0000000612800000, 0x0000000612c00000|  0%| F|  |TAMS 0x0000000612800000, 0x0000000612800000| Untracked 
|  71|0x0000000612c00000, 0x0000000612c00000, 0x0000000613000000|  0%| F|  |TAMS 0x0000000612c00000, 0x0000000612c00000| Untracked 
|  72|0x0000000613000000, 0x0000000613000000, 0x0000000613400000|  0%| F|  |TAMS 0x0000000613000000, 0x0000000613000000| Untracked 
|  73|0x0000000613400000, 0x0000000613400000, 0x0000000613800000|  0%| F|  |TAMS 0x0000000613400000, 0x0000000613400000| Untracked 
|  74|0x0000000613800000, 0x0000000613800000, 0x0000000613c00000|  0%| F|  |TAMS 0x0000000613800000, 0x0000000613800000| Untracked 
|  75|0x0000000613c00000, 0x0000000613c00000, 0x0000000614000000|  0%| F|  |TAMS 0x0000000613c00000, 0x0000000613c00000| Untracked 
|  76|0x0000000614000000, 0x0000000614000000, 0x0000000614400000|  0%| F|  |TAMS 0x0000000614000000, 0x0000000614000000| Untracked 
|  77|0x0000000614400000, 0x0000000614400000, 0x0000000614800000|  0%| F|  |TAMS 0x0000000614400000, 0x0000000614400000| Untracked 
|  78|0x0000000614800000, 0x0000000614800000, 0x0000000614c00000|  0%| F|  |TAMS 0x0000000614800000, 0x0000000614800000| Untracked 
|  79|0x0000000614c00000, 0x0000000614c00000, 0x0000000615000000|  0%| F|  |TAMS 0x0000000614c00000, 0x0000000614c00000| Untracked 
|  80|0x0000000615000000, 0x0000000615000000, 0x0000000615400000|  0%| F|  |TAMS 0x0000000615000000, 0x0000000615000000| Untracked 
|  81|0x0000000615400000, 0x0000000615400000, 0x0000000615800000|  0%| F|  |TAMS 0x0000000615400000, 0x0000000615400000| Untracked 
|  82|0x0000000615800000, 0x0000000615800000, 0x0000000615c00000|  0%| F|  |TAMS 0x0000000615800000, 0x0000000615800000| Untracked 
|  83|0x0000000615c00000, 0x0000000615c00000, 0x0000000616000000|  0%| F|  |TAMS 0x0000000615c00000, 0x0000000615c00000| Untracked 
|  84|0x0000000616000000, 0x0000000616000000, 0x0000000616400000|  0%| F|  |TAMS 0x0000000616000000, 0x0000000616000000| Untracked 
|  85|0x0000000616400000, 0x0000000616400000, 0x0000000616800000|  0%| F|  |TAMS 0x0000000616400000, 0x0000000616400000| Untracked 
|  86|0x0000000616800000, 0x0000000616800000, 0x0000000616c00000|  0%| F|  |TAMS 0x0000000616800000, 0x0000000616800000| Untracked 
|  87|0x0000000616c00000, 0x0000000616c00000, 0x0000000617000000|  0%| F|  |TAMS 0x0000000616c00000, 0x0000000616c00000| Untracked 
|  88|0x0000000617000000, 0x0000000617000000, 0x0000000617400000|  0%| F|  |TAMS 0x0000000617000000, 0x0000000617000000| Untracked 
|  89|0x0000000617400000, 0x0000000617400000, 0x0000000617800000|  0%| F|  |TAMS 0x0000000617400000, 0x0000000617400000| Untracked 
|  90|0x0000000617800000, 0x0000000617800000, 0x0000000617c00000|  0%| F|  |TAMS 0x0000000617800000, 0x0000000617800000| Untracked 
|  91|0x0000000617c00000, 0x0000000617c00000, 0x0000000618000000|  0%| F|  |TAMS 0x0000000617c00000, 0x0000000617c00000| Untracked 
|  92|0x0000000618000000, 0x0000000618000000, 0x0000000618400000|  0%| F|  |TAMS 0x0000000618000000, 0x0000000618000000| Untracked 
|  93|0x0000000618400000, 0x0000000618400000, 0x0000000618800000|  0%| F|  |TAMS 0x0000000618400000, 0x0000000618400000| Untracked 
|  94|0x0000000618800000, 0x0000000618800000, 0x0000000618c00000|  0%| F|  |TAMS 0x0000000618800000, 0x0000000618800000| Untracked 
|  95|0x0000000618c00000, 0x0000000618c00000, 0x0000000619000000|  0%| F|  |TAMS 0x0000000618c00000, 0x0000000618c00000| Untracked 
|  96|0x0000000619000000, 0x0000000619000000, 0x0000000619400000|  0%| F|  |TAMS 0x0000000619000000, 0x0000000619000000| Untracked 
|  97|0x0000000619400000, 0x0000000619400000, 0x0000000619800000|  0%| F|  |TAMS 0x0000000619400000, 0x0000000619400000| Untracked 
|  98|0x0000000619800000, 0x0000000619800000, 0x0000000619c00000|  0%| F|  |TAMS 0x0000000619800000, 0x0000000619800000| Untracked 
|  99|0x0000000619c00000, 0x0000000619c00000, 0x000000061a000000|  0%| F|  |TAMS 0x0000000619c00000, 0x0000000619c00000| Untracked 
| 100|0x000000061a000000, 0x000000061a000000, 0x000000061a400000|  0%| F|  |TAMS 0x000000061a000000, 0x000000061a000000| Untracked 
| 101|0x000000061a400000, 0x000000061a400000, 0x000000061a800000|  0%| F|  |TAMS 0x000000061a400000, 0x000000061a400000| Untracked 
| 102|0x000000061a800000, 0x000000061a800000, 0x000000061ac00000|  0%| F|  |TAMS 0x000000061a800000, 0x000000061a800000| Untracked 
| 103|0x000000061ac00000, 0x000000061ac00000, 0x000000061b000000|  0%| F|  |TAMS 0x000000061ac00000, 0x000000061ac00000| Untracked 
| 104|0x000000061b000000, 0x000000061b000000, 0x000000061b400000|  0%| F|  |TAMS 0x000000061b000000, 0x000000061b000000| Untracked 
| 105|0x000000061b400000, 0x000000061b400000, 0x000000061b800000|  0%| F|  |TAMS 0x000000061b400000, 0x000000061b400000| Untracked 
| 106|0x000000061b800000, 0x000000061b800000, 0x000000061bc00000|  0%| F|  |TAMS 0x000000061b800000, 0x000000061b800000| Untracked 
| 107|0x000000061bc00000, 0x000000061bc00000, 0x000000061c000000|  0%| F|  |TAMS 0x000000061bc00000, 0x000000061bc00000| Untracked 
| 108|0x000000061c000000, 0x000000061c000000, 0x000000061c400000|  0%| F|  |TAMS 0x000000061c000000, 0x000000061c000000| Untracked 
| 109|0x000000061c400000, 0x000000061c400000, 0x000000061c800000|  0%| F|  |TAMS 0x000000061c400000, 0x000000061c400000| Untracked 
| 110|0x000000061c800000, 0x000000061c800000, 0x000000061cc00000|  0%| F|  |TAMS 0x000000061c800000, 0x000000061c800000| Untracked 
| 111|0x000000061cc00000, 0x000000061cc00000, 0x000000061d000000|  0%| F|  |TAMS 0x000000061cc00000, 0x000000061cc00000| Untracked 
| 112|0x000000061d000000, 0x000000061d000000, 0x000000061d400000|  0%| F|  |TAMS 0x000000061d000000, 0x000000061d000000| Untracked 
| 113|0x000000061d400000, 0x000000061d400000, 0x000000061d800000|  0%| F|  |TAMS 0x000000061d400000, 0x000000061d400000| Untracked 
| 114|0x000000061d800000, 0x000000061d800000, 0x000000061dc00000|  0%| F|  |TAMS 0x000000061d800000, 0x000000061d800000| Untracked 
| 115|0x000000061dc00000, 0x000000061dc00000, 0x000000061e000000|  0%| F|  |TAMS 0x000000061dc00000, 0x000000061dc00000| Untracked 
| 116|0x000000061e000000, 0x000000061e000000, 0x000000061e400000|  0%| F|  |TAMS 0x000000061e000000, 0x000000061e000000| Untracked 
| 117|0x000000061e400000, 0x000000061e400000, 0x000000061e800000|  0%| F|  |TAMS 0x000000061e400000, 0x000000061e400000| Untracked 
| 118|0x000000061e800000, 0x000000061e800000, 0x000000061ec00000|  0%| F|  |TAMS 0x000000061e800000, 0x000000061e800000| Untracked 
| 119|0x000000061ec00000, 0x000000061ec00000, 0x000000061f000000|  0%| F|  |TAMS 0x000000061ec00000, 0x000000061ec00000| Untracked 
| 120|0x000000061f000000, 0x000000061f000000, 0x000000061f400000|  0%| F|  |TAMS 0x000000061f000000, 0x000000061f000000| Untracked 
| 121|0x000000061f400000, 0x000000061f5dad00, 0x000000061f800000| 46%| S|CS|TAMS 0x000000061f400000, 0x000000061f400000| Complete 
| 122|0x000000061f800000, 0x000000061f800000, 0x000000061fc00000|  0%| F|  |TAMS 0x000000061f800000, 0x000000061f800000| Untracked 
| 123|0x000000061fc00000, 0x000000061fffd1d8, 0x0000000620000000| 99%| E|  |TAMS 0x000000061fc00000, 0x000000061fc00000| Complete 
| 124|0x0000000620000000, 0x0000000620400000, 0x0000000620400000|100%| E|CS|TAMS 0x0000000620000000, 0x0000000620000000| Complete 
| 125|0x0000000620400000, 0x0000000620800000, 0x0000000620800000|100%| E|CS|TAMS 0x0000000620400000, 0x0000000620400000| Complete 
| 126|0x0000000620800000, 0x0000000620c00000, 0x0000000620c00000|100%| E|CS|TAMS 0x0000000620800000, 0x0000000620800000| Complete 
| 127|0x0000000620c00000, 0x0000000621000000, 0x0000000621000000|100%| E|CS|TAMS 0x0000000620c00000, 0x0000000620c00000| Complete 

Card table byte_map: [0x000002817a670000,0x000002817b670000] _byte_map_base: 0x0000028177668000

Marking Bits (Prev, Next): (CMBitMap*) 0x00000281794b07f0, (CMBitMap*) 0x00000281794b0830
 Prev Bits: [0x0000028116720000, 0x000002811e6e0000)
 Next Bits: [0x000002811e6e0000, 0x00000281266a0000)

Polling page: 0x0000028178620000

Metaspace:

Usage:
  Non-class:     12.38 MB used.
      Class:      1.38 MB used.
       Both:     13.76 MB used.

Virtual space:
  Non-class space:       16.00 MB reserved,      12.56 MB ( 79%) committed,  2 nodes.
      Class space:        1.00 GB reserved,       1.50 MB ( <1%) committed,  1 nodes.
             Both:        1.02 GB reserved,      14.06 MB (  1%) committed. 

Chunk freelists:
   Non-Class:  2.86 MB
       Class:  2.51 MB
        Both:  5.37 MB

MaxMetaspaceSize: unlimited
CompressedClassSpaceSize: 1.00 GB
Initial GC threshold: 21.00 MB
Current GC threshold: 21.00 MB
CDS: on
MetaspaceReclaimPolicy: balanced
 - commit_granule_bytes: 65536.
 - commit_granule_words: 8192.
 - virtual_space_node_default_size: 1048576.
 - enlarge_chunks_in_place: 1.
 - new_chunks_are_fully_committed: 0.
 - uncommit_free_chunks: 1.
 - use_allocation_guard: 0.
 - handle_deallocations: 1.


Internal statistics:

num_allocs_failed_limit: 0.
num_arena_births: 220.
num_arena_deaths: 0.
num_vsnodes_births: 3.
num_vsnodes_deaths: 0.
num_space_committed: 223.
num_space_uncommitted: 0.
num_chunks_returned_to_freelist: 0.
num_chunks_taken_from_freelist: 540.
num_chunk_merges: 0.
num_chunk_splits: 336.
num_chunks_enlarged: 215.
num_purges: 0.
num_inconsistent_stats: 0.

CodeHeap 'non-profiled nmethods': size=120000Kb used=612Kb max_used=612Kb free=119387Kb
 bounds [0x000002810f1f0000, 0x000002810f460000, 0x0000028116720000]
CodeHeap 'profiled nmethods': size=120000Kb used=3145Kb max_used=3145Kb free=116854Kb
 bounds [0x0000028107cc0000, 0x0000028107fe0000, 0x000002810f1f0000]
CodeHeap 'non-nmethods': size=5760Kb used=1672Kb max_used=1674Kb free=4087Kb
 bounds [0x0000028107720000, 0x0000028107990000, 0x0000028107cc0000]
 total_blobs=2835 nmethods=1719 adapters=1028
 compilation: enabled
              stopped_count=0, restarted_count=0
 full_count=0

Compilation events (20 events):
Event: 1.035 Thread 0x000002817f1df710 1711       3       java.lang.invoke.MemberName::<init> (139 bytes)
Event: 1.035 Thread 0x000002817f1df710 nmethod 1711 0x0000028107fc5a10 code [0x0000028107fc5d40, 0x0000028107fc6f98]
Event: 1.035 Thread 0x000002817f1df710 1712       3       java.lang.reflect.AccessibleObject::checkCanSetAccessible (9 bytes)
Event: 1.036 Thread 0x000002817f1df710 nmethod 1712 0x0000028107fc7510 code [0x0000028107fc76a0, 0x0000028107fc77e8]
Event: 1.036 Thread 0x000002817f1df710 1713       3       java.lang.reflect.AccessibleObject::checkCanSetAccessible (368 bytes)
Event: 1.037 Thread 0x000002817f1df710 nmethod 1713 0x0000028107fc7890 code [0x0000028107fc7fc0, 0x0000028107fcb948]
Event: 1.046 Thread 0x000002817f1df710 1714       3       java.awt.image.ComponentColorModel::getRGBComponent (111 bytes)
Event: 1.046 Thread 0x000002817f1df710 nmethod 1714 0x0000028107fccc90 code [0x0000028107fccee0, 0x0000028107fcd3f8]
Event: 1.046 Thread 0x000002817f1df710 1716       3       sun.awt.image.ByteInterleavedRaster::getDataElements (129 bytes)
Event: 1.046 Thread 0x000002817f1df710 nmethod 1716 0x0000028107fcd690 code [0x0000028107fcd880, 0x0000028107fcdec8]
Event: 1.046 Thread 0x000002817f1df710 1715       3       java.awt.image.ComponentColorModel::extractComponent (499 bytes)
Event: 1.047 Thread 0x000002817f1df710 nmethod 1715 0x0000028107fce110 code [0x0000028107fce460, 0x0000028107fcf858]
Event: 1.047 Thread 0x000002817f1df710 1717       3       java.nio.Buffer::nextPutIndex (30 bytes)
Event: 1.047 Thread 0x000002817f1df710 nmethod 1717 0x0000028107fcfd90 code [0x0000028107fcff40, 0x0000028107fd0168]
Event: 1.047 Thread 0x000002817f1df710 1718   !   3       java.nio.DirectByteBuffer::put (36 bytes)
Event: 1.047 Thread 0x000002817f1df710 nmethod 1718 0x0000028107fd0290 code [0x0000028107fd0500, 0x0000028107fd1028]
Event: 1.047 Thread 0x000002817f1df710 1719   !   3       jdk.internal.misc.ScopedMemoryAccess::putByte (25 bytes)
Event: 1.047 Thread 0x000002817f1df710 nmethod 1719 0x0000028107fd1590 code [0x0000028107fd1780, 0x0000028107fd1cf8]
Event: 1.047 Thread 0x000002817f1df710 1720   !   3       jdk.internal.misc.ScopedMemoryAccess::putByteInternal (37 bytes)
Event: 1.047 Thread 0x000002817f1df710 nmethod 1720 0x0000028107fd1f90 code [0x0000028107fd2140, 0x0000028107fd2468]

GC Heap History (2 events):
Event: 0.278 GC heap before
{Heap before GC invocations=0 (full 0):
 garbage-first heap   total 524288K, used 24576K [0x0000000601000000, 0x0000000800000000)
  region size 4096K, 6 young (24576K), 0 survivors (0K)
 Metaspace       used 4356K, committed 4544K, reserved 1056768K
  class space    used 526K, committed 640K, reserved 1048576K
}
Event: 0.280 GC heap after
{Heap after GC invocations=1 (full 0):
 garbage-first heap   total 524288K, used 1899K [0x0000000601000000, 0x0000000800000000)
  region size 4096K, 1 young (4096K), 1 survivors (4096K)
 Metaspace       used 4356K, committed 4544K, reserved 1056768K
  class space    used 526K, committed 640K, reserved 1048576K
}

Deoptimization events (20 events):
Event: 0.869 Thread 0x0000028178ec4d50 Uncommon trap: trap_request=0xffffff45 fr.pc=0x000002810f224a08 relative=0x0000000000000068
Event: 0.869 Thread 0x0000028178ec4d50 Uncommon trap: reason=unstable_if action=reinterpret pc=0x000002810f224a08 method=sun.net.www.ParseUtil.firstEncodeIndex(Ljava/lang/String;)I @ 51 c2
Event: 0.869 Thread 0x0000028178ec4d50 DEOPT PACKING pc=0x000002810f224a08 sp=0x000000aed0bfe240
Event: 0.869 Thread 0x0000028178ec4d50 DEOPT UNPACKING pc=0x00000281077723a3 sp=0x000000aed0bfe1c8 mode 2
Event: 0.877 Thread 0x0000028178ec4d50 Uncommon trap: trap_request=0xffffff54 fr.pc=0x000002810f27bae0 relative=0x0000000000000060
Event: 0.877 Thread 0x0000028178ec4d50 Uncommon trap: reason=speculate_null_assert action=make_not_entrant pc=0x000002810f27bae0 method=sun.misc.Unsafe.putLong(Ljava/lang/Object;JJ)V @ 7 c2
Event: 0.877 Thread 0x0000028178ec4d50 DEOPT PACKING pc=0x000002810f27bae0 sp=0x000000aed0bfeea0
Event: 0.877 Thread 0x0000028178ec4d50 DEOPT UNPACKING pc=0x00000281077723a3 sp=0x000000aed0bfee18 mode 2
Event: 0.880 Thread 0x0000028178ec4d50 Uncommon trap: trap_request=0xffffff54 fr.pc=0x000002810f27c7dc relative=0x000000000000005c
Event: 0.880 Thread 0x0000028178ec4d50 Uncommon trap: reason=speculate_null_assert action=make_not_entrant pc=0x000002810f27c7dc method=sun.misc.Unsafe.getLong(Ljava/lang/Object;J)J @ 5 c2
Event: 0.880 Thread 0x0000028178ec4d50 DEOPT PACKING pc=0x000002810f27c7dc sp=0x000000aed0bfeff0
Event: 0.880 Thread 0x0000028178ec4d50 DEOPT UNPACKING pc=0x00000281077723a3 sp=0x000000aed0bfef78 mode 2
Event: 0.983 Thread 0x0000028178ec4d50 Uncommon trap: trap_request=0xffffffc6 fr.pc=0x000002810f22b170 relative=0x0000000000000590
Event: 0.983 Thread 0x0000028178ec4d50 Uncommon trap: reason=bimorphic_or_optimized_type_check action=maybe_recompile pc=0x000002810f22b170 method=java.util.concurrent.ConcurrentHashMap.get(Ljava/lang/Object;)Ljava/lang/Object; @ 149 c2
Event: 0.983 Thread 0x0000028178ec4d50 DEOPT PACKING pc=0x000002810f22b170 sp=0x000000aed0bfda30
Event: 0.983 Thread 0x0000028178ec4d50 DEOPT UNPACKING pc=0x00000281077723a3 sp=0x000000aed0bfd9d0 mode 2
Event: 1.023 Thread 0x0000028178ec4d50 Uncommon trap: trap_request=0xffffff45 fr.pc=0x000002810f226e8c relative=0x00000000000001cc
Event: 1.023 Thread 0x0000028178ec4d50 Uncommon trap: reason=unstable_if action=reinterpret pc=0x000002810f226e8c method=java.io.WinNTFileSystem.normalize(Ljava/lang/String;)Ljava/lang/String; @ 128 c2
Event: 1.023 Thread 0x0000028178ec4d50 DEOPT PACKING pc=0x000002810f226e8c sp=0x000000aed0bfdb00
Event: 1.023 Thread 0x0000028178ec4d50 DEOPT UNPACKING pc=0x00000281077723a3 sp=0x000000aed0bfda78 mode 2

Classes unloaded (0 events):
No events

Classes redefined (0 events):
No events

Internal exceptions (20 events):
Event: 0.455 Thread 0x0000028178ec4d50 Exception <a 'java/lang/NoSuchMethodError'{0x00000006205b5da0}: 'void java.lang.invoke.DirectMethodHandle$Holder.invokeStatic(java.lang.Object, java.lang.Object)'> (0x00000006205b5da0) 
thrown [t:\workspace\open\src\hotspot\share\interpreter\linkResolver.cpp, line 766]
Event: 0.525 Thread 0x0000028178ec4d50 Exception <a 'sun/nio/fs/WindowsException'{0x00000006200f81a8}> (0x00000006200f81a8) 
thrown [t:\workspace\open\src\hotspot\share\prims\jni.cpp, line 516]
Event: 0.525 Thread 0x0000028178ec4d50 Exception <a 'sun/nio/fs/WindowsException'{0x00000006200f8508}> (0x00000006200f8508) 
thrown [t:\workspace\open\src\hotspot\share\prims\jni.cpp, line 516]
Event: 0.530 Thread 0x0000028178ec4d50 Exception <a 'java/lang/NoSuchMethodError'{0x0000000620123068}: 'int java.lang.invoke.DirectMethodHandle$Holder.invokeStaticInit(java.lang.Object, java.lang.Object, int, long)'> (0x0000000620123068) 
thrown [t:\workspace\open\src\hotspot\share\interpreter\linkResolver.cpp, line 766]
Event: 0.530 Thread 0x0000028178ec4d50 Exception <a 'java/lang/NoSuchMethodError'{0x0000000620128950}: 'java.lang.Object java.lang.invoke.DirectMethodHandle$Holder.newInvokeSpecial(java.lang.Object, java.lang.Object, int)'> (0x0000000620128950) 
thrown [t:\workspace\open\src\hotspot\share\interpreter\linkResolver.cpp, line 766]
Event: 0.531 Thread 0x0000028178ec4d50 Exception <a 'java/lang/NoSuchMethodError'{0x0000000620137ed8}: 'int java.lang.invoke.DirectMethodHandle$Holder.invokeStaticInit(java.lang.Object, java.lang.Object, long, long)'> (0x0000000620137ed8) 
thrown [t:\workspace\open\src\hotspot\share\interpreter\linkResolver.cpp, line 766]
Event: 0.531 Thread 0x0000028178ec4d50 Exception <a 'java/lang/NoSuchMethodError'{0x000000062013db88}: 'java.lang.Object java.lang.invoke.DirectMethodHandle$Holder.newInvokeSpecial(java.lang.Object, java.lang.Object, long)'> (0x000000062013db88) 
thrown [t:\workspace\open\src\hotspot\share\interpreter\linkResolver.cpp, line 766]
Event: 0.531 Thread 0x0000028178ec4d50 Exception <a 'java/lang/NoSuchMethodError'{0x0000000620141450}: 'java.lang.Object java.lang.invoke.Invokers$Holder.linkToTargetMethod(java.lang.Object, long, java.lang.Object)'> (0x0000000620141450) 
thrown [t:\workspace\open\src\hotspot\share\interpreter\linkResolver.cpp, line 766]
Event: 0.532 Thread 0x0000028178ec4d50 Exception <a 'java/lang/NoSuchMethodError'{0x0000000620148920}: 'int java.lang.invoke.DirectMethodHandle$Holder.invokeStaticInit(java.lang.Object, java.lang.Object, java.lang.Object, long)'> (0x0000000620148920) 
thrown [t:\workspace\open\src\hotspot\share\interpreter\linkResolver.cpp, line 766]
Event: 0.544 Thread 0x0000028178ec4d50 Exception <a 'sun/nio/fs/WindowsException'{0x00000006201fb818}> (0x00000006201fb818) 
thrown [t:\workspace\open\src\hotspot\share\prims\jni.cpp, line 516]
Event: 0.544 Thread 0x0000028178ec4d50 Exception <a 'sun/nio/fs/WindowsException'{0x00000006201fbb90}> (0x00000006201fbb90) 
thrown [t:\workspace\open\src\hotspot\share\prims\jni.cpp, line 516]
Event: 0.873 Thread 0x0000028178ec4d50 Exception <a 'sun/nio/fs/WindowsException'{0x000000062028bad8}> (0x000000062028bad8) 
thrown [t:\workspace\open\src\hotspot\share\prims\jni.cpp, line 516]
Event: 0.873 Thread 0x0000028178ec4d50 Exception <a 'sun/nio/fs/WindowsException'{0x000000062028be88}> (0x000000062028be88) 
thrown [t:\workspace\open\src\hotspot\share\prims\jni.cpp, line 516]
Event: 0.875 Thread 0x0000028178ec4d50 Exception <a 'sun/nio/fs/WindowsException'{0x00000006202921e0}> (0x00000006202921e0) 
thrown [t:\workspace\open\src\hotspot\share\prims\jni.cpp, line 516]
Event: 0.875 Thread 0x0000028178ec4d50 Exception <a 'sun/nio/fs/WindowsException'{0x00000006202924d0}> (0x00000006202924d0) 
thrown [t:\workspace\open\src\hotspot\share\prims\jni.cpp, line 516]
Event: 0.960 Thread 0x0000028178ec4d50 Exception <a 'java/lang/ClassNotFoundException'{0x000000061fdb13a8}: sun/awt/resources/spi/awtProvider> (0x000000061fdb13a8) 
thrown [t:\workspace\open\src\hotspot\share\classfile\systemDictionary.cpp, line 256]
Event: 0.964 Thread 0x0000028178ec4d50 Exception <a 'java/io/FileNotFoundException'{0x000000061fdbede0}> (0x000000061fdbede0) 
thrown [t:\workspace\open\src\hotspot\share\prims\jni.cpp, line 516]
Event: 0.964 Thread 0x0000028178ec4d50 Exception <a 'java/io/FileNotFoundException'{0x000000061fdc0088}> (0x000000061fdc0088) 
thrown [t:\workspace\open\src\hotspot\share\prims\jni.cpp, line 516]
Event: 0.979 Thread 0x0000028178ec4d50 Exception <a 'java/lang/NoSuchMethodError'{0x000000061fe1c718}: 'java.lang.Object java.lang.invoke.DirectMethodHandle$Holder.invokeStaticInit(java.lang.Object, int, int, int, int)'> (0x000000061fe1c718) 
thrown [t:\workspace\open\src\hotspot\share\interpreter\linkResolver.cpp, line 766]
Event: 1.030 Thread 0x0000028178ec4d50 Exception <a 'java/lang/NoSuchMethodError'{0x000000061fef9390}: 'java.lang.Object java.lang.invoke.DirectMethodHandle$Holder.invokeStaticInit(java.lang.Object, java.lang.Object, int, int, int, int)'> (0x000000061fef9390) 
thrown [t:\workspace\open\src\hotspot\share\interpreter\linkResolver.cpp, line 766]

VM Operations (20 events):
Event: 0.115 Executing VM operation: HandshakeAllThreads
Event: 0.115 Executing VM operation: HandshakeAllThreads done
Event: 0.139 Executing VM operation: HandshakeAllThreads
Event: 0.139 Executing VM operation: HandshakeAllThreads done
Event: 0.278 Executing VM operation: G1CollectForAllocation
Event: 0.280 Executing VM operation: G1CollectForAllocation done
Event: 0.304 Executing VM operation: HandshakeAllThreads
Event: 0.304 Executing VM operation: HandshakeAllThreads done
Event: 0.353 Executing VM operation: HandshakeAllThreads
Event: 0.353 Executing VM operation: HandshakeAllThreads done
Event: 0.380 Executing VM operation: HandshakeAllThreads
Event: 0.380 Executing VM operation: HandshakeAllThreads done
Event: 0.435 Executing VM operation: HandshakeAllThreads
Event: 0.435 Executing VM operation: HandshakeAllThreads done
Event: 0.436 Executing VM operation: HandshakeAllThreads
Event: 0.436 Executing VM operation: HandshakeAllThreads done
Event: 0.957 Executing VM operation: HandshakeAllThreads
Event: 0.957 Executing VM operation: HandshakeAllThreads done
Event: 0.972 Executing VM operation: HandshakeAllThreads
Event: 0.972 Executing VM operation: HandshakeAllThreads done

Events (20 events):
Event: 1.041 loading class java/awt/ImageCapabilities
Event: 1.041 loading class java/awt/ImageCapabilities done
Event: 1.041 loading class java/awt/Image$1
Event: 1.041 loading class sun/awt/image/SurfaceManager$ImageAccessor
Event: 1.041 loading class sun/awt/image/SurfaceManager$ImageAccessor done
Event: 1.041 loading class java/awt/Image$1 done
Event: 1.041 loading class sun/awt/image/SurfaceManager
Event: 1.041 loading class sun/awt/image/SurfaceManager done
Event: 1.041 loading class java/awt/image/BufferedImage$1
Event: 1.041 loading class java/awt/image/BufferedImage$1 done
Event: 1.041 loading class sun/awt/image/IntegerComponentRaster
Event: 1.041 loading class sun/awt/image/IntegerComponentRaster done
Event: 1.041 loading class java/awt/image/IndexColorModel
Event: 1.042 loading class java/awt/image/IndexColorModel done
Event: 1.042 loading class sun/awt/image/ShortComponentRaster
Event: 1.042 loading class sun/awt/image/ShortComponentRaster done
Event: 1.042 loading class com/sun/imageio/plugins/common/ReaderUtil
Event: 1.042 loading class com/sun/imageio/plugins/common/ReaderUtil done
Event: 1.050 loading class java/nio/HeapFloatBuffer
Event: 1.050 loading class java/nio/HeapFloatBuffer done


Dynamic libraries:
0x00007ff73f9f0000 - 0x00007ff73f9fe000 	C:\java\openjdk\jdk-17.0.1\bin\java.exe
0x00007ffd45710000 - 0x00007ffd45908000 	C:\WINDOWS\SYSTEM32\ntdll.dll
0x00007ffd43f30000 - 0x00007ffd43fed000 	C:\WINDOWS\System32\KERNEL32.DLL
0x00007ffd42f10000 - 0x00007ffd431de000 	C:\WINDOWS\System32\KERNELBASE.dll
0x00007ffd432e0000 - 0x00007ffd433e0000 	C:\WINDOWS\System32\ucrtbase.dll
0x00007ffd2df50000 - 0x00007ffd2df68000 	C:\java\openjdk\jdk-17.0.1\bin\jli.dll
0x00007ffd26f70000 - 0x00007ffd26f8a000 	C:\java\openjdk\jdk-17.0.1\bin\VCRUNTIME140.dll
0x00007ffd45320000 - 0x00007ffd454c0000 	C:\WINDOWS\System32\USER32.dll
0x00007ffd436f0000 - 0x00007ffd43712000 	C:\WINDOWS\System32\win32u.dll
0x00007ffd43880000 - 0x00007ffd438aa000 	C:\WINDOWS\System32\GDI32.dll
0x00007ffd43480000 - 0x00007ffd4358b000 	C:\WINDOWS\System32\gdi32full.dll
0x00007ffd32530000 - 0x00007ffd327ca000 	C:\WINDOWS\WinSxS\amd64_microsoft.windows.common-controls_6595b64144ccf1df_6.0.19041.1110_none_60b5254171f9507e\COMCTL32.dll
0x00007ffd433e0000 - 0x00007ffd4347d000 	C:\WINDOWS\System32\msvcp_win.dll
0x00007ffd454c0000 - 0x00007ffd4555e000 	C:\WINDOWS\System32\msvcrt.dll
0x00007ffd45560000 - 0x00007ffd45590000 	C:\WINDOWS\System32\IMM32.DLL
0x00007ffd394d0000 - 0x00007ffd396c6000 	C:\WINDOWS\system32\tmumh\20019\AddOn\8.55.0.1053\TmUmEvt64.dll
0x00007ffd439e0000 - 0x00007ffd439e8000 	C:\WINDOWS\System32\PSAPI.DLL
0x00007ffd447d0000 - 0x00007ffd4487e000 	C:\WINDOWS\System32\ADVAPI32.dll
0x00007ffd43dc0000 - 0x00007ffd43e5c000 	C:\WINDOWS\System32\sechost.dll
0x00007ffd451f0000 - 0x00007ffd45315000 	C:\WINDOWS\System32\RPCRT4.dll
0x0000000066e70000 - 0x0000000066fdf000 	C:\WINDOWS\system32\tmumh\20019\TmMon\2.9.0.1036\tmmon64.dll
0x00007ffd43770000 - 0x00007ffd437c5000 	C:\WINDOWS\System32\SHLWAPI.dll
0x00007ffd30790000 - 0x00007ffd3079c000 	C:\java\openjdk\jdk-17.0.1\bin\vcruntime140_1.dll
0x00007ffd1f1e0000 - 0x00007ffd1f26d000 	C:\java\openjdk\jdk-17.0.1\bin\msvcp140.dll
0x00007ffc9a8c0000 - 0x00007ffc9b47e000 	C:\java\openjdk\jdk-17.0.1\bin\server\jvm.dll
0x00007ffd2abf0000 - 0x00007ffd2abf9000 	C:\WINDOWS\SYSTEM32\WSOCK32.dll
0x00007ffd43ec0000 - 0x00007ffd43f2b000 	C:\WINDOWS\System32\WS2_32.dll
0x00007ffd355b0000 - 0x00007ffd355d7000 	C:\WINDOWS\SYSTEM32\WINMM.dll
0x00007ffd3d320000 - 0x00007ffd3d32a000 	C:\WINDOWS\SYSTEM32\VERSION.dll
0x00007ffd40d50000 - 0x00007ffd40d62000 	C:\WINDOWS\SYSTEM32\kernel.appcore.dll
0x00007ffd2e030000 - 0x00007ffd2e03a000 	C:\java\openjdk\jdk-17.0.1\bin\jimage.dll
0x00007ffd33430000 - 0x00007ffd33614000 	C:\WINDOWS\SYSTEM32\DBGHELP.DLL
0x00007ffd30330000 - 0x00007ffd3035c000 	C:\WINDOWS\SYSTEM32\dbgcore.DLL
0x00007ffd43250000 - 0x00007ffd432d2000 	C:\WINDOWS\System32\bcryptPrimitives.dll
0x00007ffd212a0000 - 0x00007ffd212c5000 	C:\java\openjdk\jdk-17.0.1\bin\java.dll
0x00007ffd152c0000 - 0x00007ffd15396000 	C:\java\openjdk\jdk-17.0.1\bin\svml.dll
0x00007ffd44080000 - 0x00007ffd447c4000 	C:\WINDOWS\System32\SHELL32.dll
0x00007ffd40f50000 - 0x00007ffd416e4000 	C:\WINDOWS\SYSTEM32\windows.storage.dll
0x00007ffd43a50000 - 0x00007ffd43da4000 	C:\WINDOWS\System32\combase.dll
0x00007ffd42890000 - 0x00007ffd428c0000 	C:\WINDOWS\SYSTEM32\Wldp.dll
0x00007ffd437d0000 - 0x00007ffd4387d000 	C:\WINDOWS\System32\SHCORE.dll
0x00007ffd42d70000 - 0x00007ffd42d8f000 	C:\WINDOWS\SYSTEM32\profapi.dll
0x00007ffd25a00000 - 0x00007ffd25a19000 	C:\java\openjdk\jdk-17.0.1\bin\net.dll
0x00007ffd3adf0000 - 0x00007ffd3aefa000 	C:\WINDOWS\SYSTEM32\WINHTTP.dll
0x00007ffd425f0000 - 0x00007ffd4265a000 	C:\WINDOWS\system32\mswsock.dll
0x00007ffd1ff20000 - 0x00007ffd1ff35000 	C:\java\openjdk\jdk-17.0.1\bin\nio.dll
0x00007ffd19e30000 - 0x00007ffd19e48000 	C:\java\openjdk\jdk-17.0.1\bin\zip.dll
0x00007ffd3fa20000 - 0x00007ffd3fa29000 	C:\java\openjdk\jdk-17.0.1\bin\management.dll
0x00007ffd3fa10000 - 0x00007ffd3fa1b000 	C:\java\openjdk\jdk-17.0.1\bin\management_ext.dll
0x00007ffd0f7b0000 - 0x00007ffd0f7c7000 	C:\WINDOWS\system32\napinsp.dll
0x00007ffd0f790000 - 0x00007ffd0f7ab000 	C:\WINDOWS\system32\pnrpnsp.dll
0x00007ffd12290000 - 0x00007ffd122a5000 	C:\WINDOWS\system32\wshbth.dll
0x00007ffd3eb50000 - 0x00007ffd3eb6d000 	C:\WINDOWS\system32\NLAapi.dll
0x00007ffd42290000 - 0x00007ffd422cb000 	C:\WINDOWS\SYSTEM32\IPHLPAPI.DLL
0x00007ffd422e0000 - 0x00007ffd423ab000 	C:\WINDOWS\SYSTEM32\DNSAPI.dll
0x00007ffd43db0000 - 0x00007ffd43db8000 	C:\WINDOWS\System32\NSI.dll
0x00007ffd0f700000 - 0x00007ffd0f712000 	C:\WINDOWS\System32\winrnr.dll
0x0000000065ae0000 - 0x0000000065b06000 	C:\Program Files\Bonjour\mdnsNSP.dll
0x00007ffd3ab90000 - 0x00007ffd3ab9a000 	C:\Windows\System32\rasadhlp.dll
0x00007ffd3a480000 - 0x00007ffd3a500000 	C:\WINDOWS\System32\fwpuclnt.dll
0x00007ffd42ee0000 - 0x00007ffd42f07000 	C:\WINDOWS\System32\bcrypt.dll
0x00007ffd30950000 - 0x00007ffd309c5000 	C:\Users\Duncan\AppData\Local\Temp\lwjglDuncan\3.3.1-build-7\lwjgl.dll
0x00007ffd2dee0000 - 0x00007ffd2df41000 	C:\Users\Duncan\AppData\Local\Temp\lwjglDuncan\3.3.1-build-7\glfw.dll
0x00007ffd2de90000 - 0x00007ffd2ded5000 	C:\WINDOWS\SYSTEM32\dinput8.dll
0x00000281267e0000 - 0x00000281267e3000 	C:\WINDOWS\system32\Sfc.dll
0x00007ffd27cf0000 - 0x00007ffd27d02000 	C:\WINDOWS\SYSTEM32\sfc_os.DLL
0x00007ffd44b20000 - 0x00007ffd44f8f000 	C:\WINDOWS\System32\SETUPAPI.dll
0x00007ffd43720000 - 0x00007ffd4376e000 	C:\WINDOWS\System32\cfgmgr32.dll
0x00007ffd15f80000 - 0x00007ffd160d2000 	C:\WINDOWS\SYSTEM32\inputhost.dll
0x00007ffd43910000 - 0x00007ffd439dd000 	C:\WINDOWS\System32\OLEAUT32.dll
0x00007ffd40460000 - 0x00007ffd40552000 	C:\WINDOWS\SYSTEM32\CoreMessaging.dll
0x00007ffd3e4c0000 - 0x00007ffd3e5b6000 	C:\WINDOWS\SYSTEM32\PROPSYS.dll
0x00007ffd3fa30000 - 0x00007ffd3fb84000 	C:\WINDOWS\SYSTEM32\wintypes.dll
0x00007ffd40100000 - 0x00007ffd4045e000 	C:\WINDOWS\SYSTEM32\CoreUIComponents.dll
0x00007ffd41b30000 - 0x00007ffd41b63000 	C:\WINDOWS\SYSTEM32\ntmarta.dll
0x00007ffd30ab0000 - 0x00007ffd30ac1000 	C:\WINDOWS\SYSTEM32\xinput1_4.dll
0x00007ffd42be0000 - 0x00007ffd42c0c000 	C:\WINDOWS\SYSTEM32\DEVOBJ.dll
0x00007ffd40b70000 - 0x00007ffd40b9f000 	C:\WINDOWS\SYSTEM32\dwmapi.dll
0x00007ffd407d0000 - 0x00007ffd4086e000 	C:\WINDOWS\system32\uxtheme.dll
0x00007ffd455b0000 - 0x00007ffd456c5000 	C:\WINDOWS\System32\MSCTF.dll
0x00007ffd2edf0000 - 0x00007ffd2ef17000 	C:\WINDOWS\SYSTEM32\opengl32.dll
0x00007ffd3ee60000 - 0x00007ffd3ee8c000 	C:\WINDOWS\SYSTEM32\GLU32.dll
0x00007ffd45140000 - 0x00007ffd451e9000 	C:\WINDOWS\System32\clbcatq.dll
0x00007ffc97890000 - 0x00007ffc9a8b8000 	C:\WINDOWS\System32\DriverStore\FileRepository\nv_dispi.inf_amd64_c0e159863e7afdde\nvoglv64.dll
0x00007ffd449e0000 - 0x00007ffd44b0a000 	C:\WINDOWS\System32\ole32.dll
0x00007ffd3e800000 - 0x00007ffd3e814000 	C:\WINDOWS\SYSTEM32\WTSAPI32.dll
0x00007ffd427e0000 - 0x00007ffd427ec000 	C:\WINDOWS\SYSTEM32\CRYPTBASE.DLL
0x00007ffd42a20000 - 0x00007ffd42a32000 	C:\WINDOWS\SYSTEM32\msasn1.dll
0x00007ffd3c2f0000 - 0x00007ffd3c321000 	C:\WINDOWS\SYSTEM32\cryptnet.dll
0x00007ffd43590000 - 0x00007ffd436e6000 	C:\WINDOWS\System32\CRYPT32.dll
0x00007ffd3bdf0000 - 0x00007ffd3bf38000 	C:\WINDOWS\SYSTEM32\drvstore.dll
0x00007ffd431e0000 - 0x00007ffd43247000 	C:\WINDOWS\System32\WINTRUST.dll
0x00007ffd38600000 - 0x00007ffd3863b000 	C:\WINDOWS\SYSTEM32\dxcore.dll
0x00007ffcb3c90000 - 0x00007ffcb3f57000 	C:\WINDOWS\system32\nvspcap64.dll
0x00007ffd42400000 - 0x00007ffd4244b000 	C:\WINDOWS\SYSTEM32\powrprof.dll
0x00007ffd42270000 - 0x00007ffd42282000 	C:\WINDOWS\SYSTEM32\UMPDC.dll
0x00007ffd41ba0000 - 0x00007ffd41bfa000 	C:\WINDOWS\SYSTEM32\WINSTA.dll
0x00007ffd187c0000 - 0x00007ffd1881d000 	C:\Users\Duncan\AppData\Local\Temp\lwjglDuncan\3.3.1-build-7\lwjgl_opengl.dll
0x00007ffd2da30000 - 0x00007ffd2db29000 	C:\WINDOWS\SYSTEM32\textinputframework.dll
0x00007ffd05f90000 - 0x00007ffd0611e000 	C:\java\openjdk\jdk-17.0.1\bin\awt.dll
0x00007ffd40690000 - 0x00007ffd40720000 	C:\WINDOWS\SYSTEM32\apphelp.dll
0x00007ffd427f0000 - 0x00007ffd42808000 	C:\WINDOWS\SYSTEM32\CRYPTSP.dll
0x00007ffd41f00000 - 0x00007ffd41f34000 	C:\WINDOWS\system32\rsaenh.dll
0x00007ffd42d30000 - 0x00007ffd42d5e000 	C:\WINDOWS\SYSTEM32\USERENV.dll
0x00007ffd3d300000 - 0x00007ffd3d317000 	C:\WINDOWS\SYSTEM32\dhcpcsvc6.DLL
0x00007ffd3d410000 - 0x00007ffd3d42d000 	C:\WINDOWS\SYSTEM32\dhcpcsvc.DLL

dbghelp: loaded successfully - version: 4.0.5 - missing functions: none
symbol engine: initialized successfully - sym options: 0x614 - pdb path: .;C:\java\openjdk\jdk-17.0.1\bin;C:\WINDOWS\SYSTEM32;C:\WINDOWS\WinSxS\amd64_microsoft.windows.common-controls_6595b64144ccf1df_6.0.19041.1110_none_60b5254171f9507e;C:\WINDOWS\system32\tmumh\20019\AddOn\8.55.0.1053;C:\WINDOWS\system32\tmumh\20019\TmMon\2.9.0.1036;C:\java\openjdk\jdk-17.0.1\bin\server;C:\Program Files\Bonjour;C:\Users\Duncan\AppData\Local\Temp\lwjglDuncan\3.3.1-build-7;C:\WINDOWS\System32\DriverStore\FileRepository\nv_dispi.inf_amd64_c0e159863e7afdde

VM Arguments:
jvm_args: -Dlog4j.configurationFile=src/main/resources/log4j.xml -Dfile.encoding=windows-1252 -Duser.country=AU -Duser.language=en -Duser.variant 
java_command: io.github.coffeecatrailway.agameorsomething.AGameOrSomething
java_class_path (initial): D:\Programming\Java\AGameOrSomething\build\classes\java\main;D:\Programming\Java\AGameOrSomething\build\resources\main;C:\Users\Duncan\.gradle\caches\modules-2\files-2.1\org.joml\joml\1.10.4\19cb0a0f0f8a938785ebd5b2a2268ea2e65dabae\joml-1.10.4.jar;C:\Users\Duncan\.gradle\caches\modules-2\files-2.1\org.lwjgl\lwjgl-glfw\3.3.1\cbac1b8d30cb4795149c1ef540f912671a8616d0\lwjgl-glfw-3.3.1.jar;C:\Users\Duncan\.gradle\caches\modules-2\files-2.1\org.lwjgl\lwjgl-glfw\3.3.1\ed892f945cf7e79c8756796f32d00fa4ceaf573b\lwjgl-glfw-3.3.1-natives-windows.jar;C:\Users\Duncan\.gradle\caches\modules-2\files-2.1\org.lwjgl\lwjgl-openal\3.3.1\2623a6b8ae1dfcd880738656a9f0243d2e6840bd\lwjgl-openal-3.3.1.jar;C:\Users\Duncan\.gradle\caches\modules-2\files-2.1\org.lwjgl\lwjgl-openal\3.3.1\30a474d0e57193d7bc128849a3ab66bc9316fdb1\lwjgl-openal-3.3.1-natives-windows.jar;C:\Users\Duncan\.gradle\caches\modules-2\files-2.1\org.lwjgl\lwjgl-opengl\3.3.1\831a5533a21a5f4f81bbc51bb13e9899319b5411\lwjgl-opengl-3.3.1.jar;C:\Users\Duncan\.gradle\caches\modules-2\files-2.1\org.lwjgl\lwjgl-opengl\3.3.1\c1807e9bd571402787d7e37e3029776ae2513bb8\lwjgl-opengl-3.3.1-natives-windows.jar;C:\Users\Duncan\.gradle\caches\modules-2\files-2.1\org.lwjgl\lwjgl-stb\3.3.1\b119297cf8ed01f247abe8685857f8e7fcf5980f\lwjgl-stb-3.3.1.jar;C:\Users\Duncan\.gradle\caches\modules-2\files-2.1\org.lwjgl\lwjgl-stb\3.3.1\86315914ac119efdb02dc9e8e978ade84f1702af\lwjgl-stb-3.3.1-natives-windows.jar;C:\Users\Duncan\.gradle\caches\modules-2\files-2.1\org.lwjgl\lwjgl\3.3.1\ae58664f88e18a9bb2c77b063833ca7aaec484cb\lwjgl-3.3.1.jar;C:\Users\Duncan\.gradle\caches\modules-2\files-2.1\org.lwjgl\lwjgl\3.3.1\36c37f16ab611b3aa11f3bcf80b1d509b4ce6b\lwjgl-3.3.1-natives-windows.jar;C:\Users\Duncan\.gradle\caches\modules-2\files-2.1\org.apache.logging.log4j\log4j-core\2.18.0\7c1882ede137548925eadb750615edab2f6e13c\log4j-core-2.18.0.jar;C:\Users\Duncan\.gradle\caches\modules-2\files-2.1\org.apache.logging.log4j\log4j-api\2.18.0\c72a
Launcher Type: SUN_STANDARD

[Global flags]
     intx CICompilerCount                          = 4                                         {product} {ergonomic}
     uint ConcGCThreads                            = 3                                         {product} {ergonomic}
     uint G1ConcRefinementThreads                  = 10                                        {product} {ergonomic}
   size_t G1HeapRegionSize                         = 4194304                                   {product} {ergonomic}
    uintx GCDrainStackTargetSize                   = 64                                        {product} {ergonomic}
   size_t InitialHeapSize                          = 536870912                                 {product} {ergonomic}
   size_t MarkStackSize                            = 4194304                                   {product} {ergonomic}
   size_t MaxHeapSize                              = 8573157376                                {product} {ergonomic}
   size_t MaxNewSize                               = 5142216704                                {product} {ergonomic}
   size_t MinHeapDeltaBytes                        = 4194304                                   {product} {ergonomic}
   size_t MinHeapSize                              = 8388608                                   {product} {ergonomic}
    uintx NonNMethodCodeHeapSize                   = 5839372                                {pd product} {ergonomic}
    uintx NonProfiledCodeHeapSize                  = 122909434                              {pd product} {ergonomic}
    uintx ProfiledCodeHeapSize                     = 122909434                              {pd product} {ergonomic}
    uintx ReservedCodeCacheSize                    = 251658240                              {pd product} {ergonomic}
     bool SegmentedCodeCache                       = true                                      {product} {ergonomic}
   size_t SoftMaxHeapSize                          = 8573157376                             {manageable} {ergonomic}
     bool UseCompressedClassPointers               = true                           {product lp64_product} {ergonomic}
     bool UseCompressedOops                        = true                           {product lp64_product} {ergonomic}
     bool UseG1GC                                  = true                                      {product} {ergonomic}
     bool UseLargePagesIndividualAllocation        = false                                  {pd product} {ergonomic}

Logging:
Log output configuration:
 #0: stdout all=warning uptime,level,tags
 #1: stderr all=off uptime,level,tags

Environment Variables:
JAVA_HOME=C:\java\openjdk\jdk-17.0.1
PATH=C:\Program Files (x86)\Razer Chroma SDK\bin;C:\Program Files\Razer Chroma SDK\bin;C:\Program Files (x86)\Razer\ChromaBroadcast\bin;C:\Program Files\Razer\ChromaBroadcast\bin;C:\Program Files (x86)\Intel\iCLS Client\;C:\Program Files\Intel\iCLS Client\;C:\Windows\system32;C:\Windows;C:\Windows\System32\Wbem;C:\Windows\System32\WindowsPowerShell\v1.0\;C:\Program Files (x86)\NVIDIA Corporation\PhysX\Common;C:\Program Files (x86)\Intel\Intel(R) Management Engine Components\DAL;C:\Program Files\Intel\Intel(R) Management Engine Components\DAL;C:\Program Files (x86)\Intel\Intel(R) Management Engine Components\IPT;C:\Program Files\Intel\Intel(R) Management Engine Components\IPT;C:\WINDOWS\system32;C:\WINDOWS;C:\WINDOWS\System32\Wbem;C:\WINDOWS\System32\WindowsPowerShell\v1.0\;C:\WINDOWS\System32\OpenSSH\;C:\Program Files\WorldPainter;C:\java\openjdk\jdk-17.0.1\bin;C:\Program Files\Intel\WiFi\bin\;C:\Program Files\Common Files\Intel\WirelessCommon\;C:\Program Files\dotnet\;C:\MinGW32\bin\;C:\Program Files (x86)\GtkSharp\2.12\bin;C:\gradle\bin;C:\Program Files (x86)\Microsoft Visual Studio\Shared\Python37_64;C:\WINDOWS\system32\config\systemprofile\AppData\Local\Microsoft\WindowsApps;C:\Program Files\NVIDIA Corporation\NVIDIA NvDLISR;C:\Program Files\Git\cmd;C:\Program Files (x86)\dotnet\;;C:\Program Files (x86)\Gpg4win\..\GnuPG\bin;C:\Program Files (x86)\Yarn\bin\;C:\Program Files\nodejs\;C:\Users\Duncan\AppData\Local\Programs\Python\Python310\Scripts\;C:\Users\Duncan\AppData\Local\Programs\Python\Python310\;C:\Users\Duncan\AppData\Local\Microsoft\WindowsApps;C:\Users\Duncan\AppData\Local\GitHubDesktop\bin;C:\Users\Duncan\AppData\Local\Programs\Microsoft VS Code\bin;C:\Program Files (x86)\heroku\bin;C:\Program Files\JetBrains\CLion 2019.1.3\bin;C:\Users\Duncan\AppData\Local\atom\bin;C:\Users\Duncan\AppData\Local\Microsoft\WindowsApps;C:\Users\Duncan\.dotnet\tools;C:\Users\Duncan\.dotnet\tools;C:\Users\Duncan\AppData\Local\Yarn\bin;C:\Users\Duncan\AppData\Roaming\npm;C:\Use
USERNAME=Duncan
OS=Windows_NT
PROCESSOR_IDENTIFIER=AMD64 Family 23 Model 113 Stepping 0, AuthenticAMD



---------------  S Y S T E M  ---------------

OS:
 Windows 10 , 64 bit Build 19041 (10.0.19041.1806)
OS uptime: 0 days 1:48 hours

CPU: total 12 (initial active 12) (12 cores per cpu, 2 threads per core) family 23 model 113 stepping 0 microcode 0x0, cx8, cmov, fxsr, ht, mmx, 3dnowpref, sse, sse2, sse3, ssse3, sse4a, sse4.1, sse4.2, popcnt, lzcnt, tsc, tscinvbit, avx, avx2, aes, clmul, bmi1, bmi2, adx, sha, fma, vzeroupper, clflush, clflushopt

Memory: 4k page, system-wide physical 32694M (20532M free)
TotalPageFile size 37558M (AvailPageFile size 19347M)
current process WorkingSet (physical memory assigned to process): 136M, peak: 136M
current process commit charge ("private bytes"): 681M, peak: 681M

vm_info: OpenJDK 64-Bit Server VM (17.0.1+12-39) for windows-amd64 JRE (17.0.1+12-39), built on Sep 27 2021 18:39:29 by "mach5one" with MS VC++ 16.8 (VS2019)

END.
